{
  "RSpec": {
    "coverage": {
      "/Users/mohit/Desktop/personal/ecommerce_microservices/authentication_service/app/controllers/authentications_controller.rb": {
        "lines": [
          1,
          null,
          1,
          10,
          10,
          10,
          5,
          5,
          null,
          5,
          null,
          null,
          null,
          1,
          4,
          4,
          4,
          1,
          1,
          null,
          3,
          null,
          null,
          null,
          1,
          1,
          10,
          null,
          null,
          null
        ]
      },
      "/Users/mohit/Desktop/personal/ecommerce_microservices/authentication_service/app/controllers/application_controller.rb": {
        "lines": [
          1,
          null
        ]
      },
      "/Users/mohit/Desktop/personal/ecommerce_microservices/authentication_service/app/models/user.rb": {
        "lines": [
          1,
          1,
          1,
          null,
          null,
          null,
          null,
          1,
          6,
          null,
          null,
          null,
          null,
          null,
          null,
          null
        ]
      },
      "/Users/mohit/Desktop/personal/ecommerce_microservices/authentication_service/app/models/application_record.rb": {
        "lines": [
          1,
          1,
          null
        ]
      }
    },
    "timestamp": 1700735182
  }
}
